
=======================================================================
 CFS++ - Coupled Field Simulation

 v. 22.09 - 'Frohes Fensterln' 56797e7bc1ba33fd9312c903fc63155c312df203
 compiled Oct  3 2022 as Release (distributable)
 CFS++ routines use 2 threads for this run. OMP/ MKL threads: 2/ 2
=======================================================================

Simulation run started at 2023-Mar-07 02:49:38 on DESKTOP-TBHLNOT
++ Reading parameter file '/home/ats5662/HoneycombLiner_EquivalentFluid_Calibration/workDirectory/iteration.20/HexLiner_NIT_HarmonicAcousticSimulation.xml'
++ Creating hdf5 writer with ID 'hdf5'
++ Creating text writer with ID 'txt'
++ Reading mesh ... Initial scan of input file

Number of node blocks found 1
Number of element blocks found 1
Number of cm blocks found 3
Number of N commands found 1
Number of ET commands found 1
Finished scanning input file
Processing node block 1

nblock 1 (76646 nodes found in block)
Finished reading nodes (76646 read)

Element block 0 (401343 elements read)
Finished reading elements (401343 read)
NodeGroup 1 contains 200 entries
Region name: element set 2
Region element set 2 contains 16124 entries
Region name: element set 1
Region element set 1 contains 385219 entries
"HexLinerMeshMeterTet4.cdb" Overall number of faces generated: 826289
-> not regular
++ Creating PDE 'acoustic' for analysis 'harmonic'

acoustic: Harmonic step 1 ======================= 

acoustic: Harmonic step 2 ======================= 

acoustic: Harmonic step 3 ======================= 

acoustic: Harmonic step 4 ======================= 

acoustic: Harmonic step 5 ======================= 

acoustic: Harmonic step 6 ======================= 

acoustic: Harmonic step 7 ======================= 

acoustic: Harmonic step 8 ======================= 

acoustic: Harmonic step 9 ======================= 

acoustic: Harmonic step 10 ======================= 

acoustic: Harmonic step 11 ======================= 

acoustic: Harmonic step 12 ======================= 

acoustic: Harmonic step 13 ======================= 

acoustic: Harmonic step 14 ======================= 

acoustic: Harmonic step 15 ======================= 

acoustic: Harmonic step 16 ======================= 

acoustic: Harmonic step 17 ======================= 

acoustic: Harmonic step 18 ======================= 

acoustic: Harmonic step 19 ======================= 

acoustic: Harmonic step 20 ======================= 

acoustic: Harmonic step 21 ======================= 

acoustic: Harmonic step 22 ======================= 

acoustic: Harmonic step 23 ======================= 

acoustic: Harmonic step 24 ======================= 

acoustic: Harmonic step 25 ======================= 

acoustic: Harmonic step 26 ======================= 

acoustic: Harmonic step 27 ======================= 

acoustic: Harmonic step 28 ======================= 

acoustic: Harmonic step 29 ======================= 

acoustic: Harmonic step 30 ======================= 

acoustic: Harmonic step 31 ======================= 

acoustic: Harmonic step 32 ======================= 

acoustic: Harmonic step 33 ======================= 

acoustic: Harmonic step 34 ======================= 

acoustic: Harmonic step 35 ======================= 

acoustic: Harmonic step 36 ======================= 

acoustic: Harmonic step 37 ======================= 

acoustic: Harmonic step 38 ======================= 

acoustic: Harmonic step 39 ======================= 

acoustic: Harmonic step 40 ======================= 

++ Finished solving the problem at 2023-Mar-07 02:55:04

>> Total wall-clock time: '5m 25.43s' cpu time: '10m 30.07s' at 2023-Mar-07 02:55:04

